<?xml version="1.0" encoding="UTF-8"?>
<testng-results skipped="0" failed="0" ignored="0" total="3" passed="3">
  <reporter-output>
  </reporter-output>
  <suite name="Suite" duration-ms="16447" started-at="2021-09-09T12:13:14 IST" finished-at="2021-09-09T12:13:30 IST">
    <groups>
    </groups>
    <test name="Test" duration-ms="7771" started-at="2021-09-09T12:13:14 IST" finished-at="2021-09-09T12:13:21 IST">
      <class name="Project.ValidateTitle">
        <test-method status="PASS" signature="initialize()[pri:0, instance:Project.ValidateTitle@732c2a62]" name="initialize" is-config="true" duration-ms="7486" started-at="2021-09-09T12:13:14 IST" finished-at="2021-09-09T12:13:21 IST">
          <reporter-output>
          </reporter-output>
        </test-method> <!-- initialize -->
        <test-method status="PASS" signature="validateAppTitle()[pri:0, instance:Project.ValidateTitle@732c2a62]" name="validateAppTitle" duration-ms="48" started-at="2021-09-09T12:13:21 IST" finished-at="2021-09-09T12:13:21 IST">
          <reporter-output>
          </reporter-output>
        </test-method> <!-- validateAppTitle -->
        <test-method status="PASS" signature="teardown()[pri:0, instance:Project.ValidateTitle@732c2a62]" name="teardown" is-config="true" duration-ms="160" started-at="2021-09-09T12:13:21 IST" finished-at="2021-09-09T12:13:21 IST">
          <reporter-output>
          </reporter-output>
        </test-method> <!-- teardown -->
      </class> <!-- Project.ValidateTitle -->
    </test> <!-- Test -->
    <test name="Homepage" duration-ms="8640" started-at="2021-09-09T12:13:21 IST" finished-at="2021-09-09T12:13:30 IST">
      <class name="Project.Homepage">
        <test-method status="PASS" signature="initialize()[pri:0, instance:Project.Homepage@3fb1549b]" name="initialize" is-config="true" duration-ms="1485" started-at="2021-09-09T12:13:21 IST" finished-at="2021-09-09T12:13:23 IST">
          <reporter-output>
          </reporter-output>
        </test-method> <!-- initialize -->
        <test-method status="PASS" signature="basePageNavigation(java.lang.String,java.lang.String,java.lang.String)[pri:0, instance:Project.Homepage@3fb1549b]" name="basePageNavigation" duration-ms="4547" started-at="2021-09-09T12:13:23 IST" data-provider="getData" finished-at="2021-09-09T12:13:27 IST">
          <params>
            <param index="0">
              <value>
                <![CDATA[nonrestricteduser@qw.com]]>
              </value>
            </param>
            <param index="1">
              <value>
                <![CDATA[123456]]>
              </value>
            </param>
            <param index="2">
              <value>
                <![CDATA[Restrcited User]]>
              </value>
            </param>
          </params>
          <reporter-output>
          </reporter-output>
        </test-method> <!-- basePageNavigation -->
        <test-method status="PASS" signature="basePageNavigation(java.lang.String,java.lang.String,java.lang.String)[pri:0, instance:Project.Homepage@3fb1549b]" name="basePageNavigation" duration-ms="2441" started-at="2021-09-09T12:13:27 IST" data-provider="getData" finished-at="2021-09-09T12:13:30 IST">
          <params>
            <param index="0">
              <value>
                <![CDATA[restricteduser@qw.com]]>
              </value>
            </param>
            <param index="1">
              <value>
                <![CDATA[456788]]>
              </value>
            </param>
            <param index="2">
              <value>
                <![CDATA[Non restricted user]]>
              </value>
            </param>
          </params>
          <reporter-output>
          </reporter-output>
        </test-method> <!-- basePageNavigation -->
        <test-method status="PASS" signature="teardown()[pri:0, instance:Project.Homepage@3fb1549b]" name="teardown" is-config="true" duration-ms="135" started-at="2021-09-09T12:13:30 IST" finished-at="2021-09-09T12:13:30 IST">
          <reporter-output>
          </reporter-output>
        </test-method> <!-- teardown -->
      </class> <!-- Project.Homepage -->
    </test> <!-- Homepage -->
  </suite> <!-- Suite -->
</testng-results>
