<?xml version="1.0" encoding="UTF-8"?>
<testng-results skipped="0" failed="0" ignored="0" total="3" passed="3">
  <reporter-output>
  </reporter-output>
  <suite name="Suite" duration-ms="16656" started-at="2021-09-07T13:21:53 IST" finished-at="2021-09-07T13:22:09 IST">
    <groups>
    </groups>
    <test name="Test" duration-ms="6717" started-at="2021-09-07T13:21:53 IST" finished-at="2021-09-07T13:21:59 IST">
      <class name="Project.ValidateTitle">
        <test-method status="PASS" signature="initialize()[pri:0, instance:Project.ValidateTitle@5939a379]" name="initialize" is-config="true" duration-ms="6468" started-at="2021-09-07T13:21:53 IST" finished-at="2021-09-07T13:21:59 IST">
          <reporter-output>
          </reporter-output>
        </test-method> <!-- initialize -->
        <test-method status="PASS" signature="validateAppTitle()[pri:0, instance:Project.ValidateTitle@5939a379]" name="validateAppTitle" duration-ms="58" started-at="2021-09-07T13:21:59 IST" finished-at="2021-09-07T13:21:59 IST">
          <reporter-output>
          </reporter-output>
        </test-method> <!-- validateAppTitle -->
        <test-method status="PASS" signature="teardown()[pri:0, instance:Project.ValidateTitle@5939a379]" name="teardown" is-config="true" duration-ms="151" started-at="2021-09-07T13:21:59 IST" finished-at="2021-09-07T13:21:59 IST">
          <reporter-output>
          </reporter-output>
        </test-method> <!-- teardown -->
      </class> <!-- Project.ValidateTitle -->
    </test> <!-- Test -->
    <test name="Homepage" duration-ms="9907" started-at="2021-09-07T13:21:59 IST" finished-at="2021-09-07T13:22:09 IST">
      <class name="Project.Homepage">
        <test-method status="PASS" signature="initialize()[pri:0, instance:Project.Homepage@67080771]" name="initialize" is-config="true" duration-ms="1395" started-at="2021-09-07T13:21:59 IST" finished-at="2021-09-07T13:22:01 IST">
          <reporter-output>
          </reporter-output>
        </test-method> <!-- initialize -->
        <test-method status="PASS" signature="basePageNavigation(java.lang.String,java.lang.String,java.lang.String)[pri:0, instance:Project.Homepage@67080771]" name="basePageNavigation" duration-ms="5798" started-at="2021-09-07T13:22:01 IST" data-provider="getData" finished-at="2021-09-07T13:22:07 IST">
          <params>
            <param index="0">
              <value>
                <![CDATA[nonrestricteduser@qw.com]]>
              </value>
            </param>
            <param index="1">
              <value>
                <![CDATA[123456]]>
              </value>
            </param>
            <param index="2">
              <value>
                <![CDATA[Restrcited User]]>
              </value>
            </param>
          </params>
          <reporter-output>
          </reporter-output>
        </test-method> <!-- basePageNavigation -->
        <test-method status="PASS" signature="basePageNavigation(java.lang.String,java.lang.String,java.lang.String)[pri:0, instance:Project.Homepage@67080771]" name="basePageNavigation" duration-ms="2548" started-at="2021-09-07T13:22:07 IST" data-provider="getData" finished-at="2021-09-07T13:22:09 IST">
          <params>
            <param index="0">
              <value>
                <![CDATA[restricteduser@qw.com]]>
              </value>
            </param>
            <param index="1">
              <value>
                <![CDATA[456788]]>
              </value>
            </param>
            <param index="2">
              <value>
                <![CDATA[Non restricted user]]>
              </value>
            </param>
          </params>
          <reporter-output>
          </reporter-output>
        </test-method> <!-- basePageNavigation -->
        <test-method status="PASS" signature="teardown()[pri:0, instance:Project.Homepage@67080771]" name="teardown" is-config="true" duration-ms="143" started-at="2021-09-07T13:22:09 IST" finished-at="2021-09-07T13:22:09 IST">
          <reporter-output>
          </reporter-output>
        </test-method> <!-- teardown -->
      </class> <!-- Project.Homepage -->
    </test> <!-- Homepage -->
  </suite> <!-- Suite -->
</testng-results>
